<?xml version="1.0" encoding="UTF-8"?>
<!-- Generated by org.testng.reporters.JUnitReportReporter -->
<testsuite hostname="Anandg" name="com.testclass.GetTestClass" tests="3" failures="0" timestamp="17 Jun 2016 04:55:28 GMT" time="2.488" errors="0">
  <testcase name="getCallAPI" time="0.959" classname="com.testclass.GetTestClass"/>
  <testcase name="getCallAPI" time="0.610" classname="com.testclass.GetTestClass"/>
  <testcase name="getCallAPI" time="0.919" classname="com.testclass.GetTestClass"/>
</testsuite> <!-- com.testclass.GetTestClass -->
