<?xml version="1.0" encoding="UTF-8"?>
<!-- Generated by org.testng.reporters.JUnitReportReporter -->
<testsuite hostname="Anandg" name="com.testclass.GetTestClass" tests="2" failures="0" timestamp="16 Jun 2016 14:46:46 GMT" time="1.902" errors="0">
  <testcase name="getCallAPI" time="0.955" classname="com.testclass.GetTestClass"/>
  <testcase name="getCallAPI" time="0.947" classname="com.testclass.GetTestClass"/>
</testsuite> <!-- com.testclass.GetTestClass -->
